<?xml version="1.0" encoding="UTF-8"?>
<!-- Generated by org.testng.reporters.JUnitReportReporter -->
<testsuite skipped="0" hostname="Sai-PC" name="com.sas.qa.tests.Testing" tests="1" failures="0" timestamp="04 Jun 2018 21:46:18 GMT" time="10.108" errors="0">
  <testcase name="LoginTestCase" time="10.108" classname="com.sas.qa.tests.Testing"/>
</testsuite> <!-- com.sas.qa.tests.Testing -->
