<?xml version="1.0" encoding="UTF-8"?>
<!-- Generated by org.testng.reporters.JUnitReportReporter -->
<testsuite skipped="0" hostname="Sai-PC" name="com.sas.qa.tests.HomePageTest" tests="3" failures="0" timestamp="26 Jun 2018 05:19:47 GMT" time="52.272" errors="0">
  <testcase name="verifyHomePageTitleTest" time="12.350" classname="com.sas.qa.tests.HomePageTest"/>
  <testcase name="verifyUserNameTest" time="25.080" classname="com.sas.qa.tests.HomePageTest"/>
  <testcase name="verifyContactsLinkTest" time="14.842" classname="com.sas.qa.tests.HomePageTest"/>
</testsuite> <!-- com.sas.qa.tests.HomePageTest -->
