<?xml version="1.0" encoding="UTF-8"?>
<!-- Generated by org.testng.reporters.JUnitReportReporter -->
<testsuite skipped="0" hostname="Sai-PC" name="com.sas.qa.tests.LoginPageTest" tests="3" failures="0" timestamp="26 Jun 2018 05:19:46 GMT" time="36.136" errors="0">
  <testcase name="loginPageTitleTest" time="8.802" classname="com.sas.qa.tests.LoginPageTest"/>
  <testcase name="crmLogoImageTest" time="9.593" classname="com.sas.qa.tests.LoginPageTest"/>
  <testcase name="loginTest" time="17.741" classname="com.sas.qa.tests.LoginPageTest"/>
</testsuite> <!-- com.sas.qa.tests.LoginPageTest -->
