<?xml version="1.0" encoding="UTF-8"?>
<!-- Generated by org.testng.reporters.JUnitReportReporter -->
<testsuite skipped="0" hostname="Sai-PC" name="com.sas.qa.tests.ContactsPageTest" tests="3" failures="0" timestamp="30 Jun 2018 15:08:21 GMT" time="76.402" errors="0">
  <testcase name="validateCreateNewContact" time="28.495" classname="com.sas.qa.tests.ContactsPageTest"/>
  <testcase name="validateCreateNewContact" time="25.496" classname="com.sas.qa.tests.ContactsPageTest"/>
  <testcase name="validateCreateNewContact" time="22.411" classname="com.sas.qa.tests.ContactsPageTest"/>
</testsuite> <!-- com.sas.qa.tests.ContactsPageTest -->
