<?xml version="1.0" encoding="UTF-8"?>
<!-- Generated by org.testng.reporters.JUnitReportReporter -->
<testsuite skipped="0" hostname="Sai-PC" name="Sas.info.baggage.SasTest1" tests="1" failures="0" timestamp="07 Jun 2018 22:11:44 GMT" time="47.986" errors="0">
  <testcase name="loginPageTitleTest" time="47.986" classname="Sas.info.baggage.SasTest1"/>
</testsuite> <!-- Sas.info.baggage.SasTest1 -->
