<?xml version="1.0" encoding="UTF-8"?>
<!-- Generated by org.testng.reporters.JUnitReportReporter -->
<testsuite skipped="0" hostname="Sai-PC" name="com.sas.qa.tests.LoginPageTest" tests="3" failures="0" timestamp="25 Jun 2018 12:48:43 GMT" time="37.586" errors="0">
  <testcase name="loginPageTitleTest" time="6.473" classname="com.sas.qa.tests.LoginPageTest"/>
  <testcase name="crmLogoImageTest" time="7.957" classname="com.sas.qa.tests.LoginPageTest"/>
  <testcase name="loginTest" time="23.156" classname="com.sas.qa.tests.LoginPageTest"/>
</testsuite> <!-- com.sas.qa.tests.LoginPageTest -->
